# JRE version: Java(TM) SE Runtime Environment (8.0_191-b12) (build 1.8.0_191-b12)
# Java VM: Java HotSpot(TM) 64-Bit Server VM (25.191-b12 mixed mode windows-amd64 compressed oops)
Heap:
 PSYoungGen      total 502272K, used 82065K [0x000000066bd00000, 0x000000068ce00000, 0x00000007c0000000)
  eden space 478208K, 17% used [0x000000066bd00000,0x0000000670d24610,0x0000000689000000)
  from space 24064K, 0% used [0x000000068aa80000,0x000000068aa80000,0x000000068c200000)
  to   space 27136K, 0% used [0x0000000689000000,0x0000000689000000,0x000000068aa80000)
 ParOldGen       total 1045504K, used 30829K [0x00000003c3600000, 0x0000000403300000, 0x000000066bd00000)
  object space 1045504K, 2% used [0x00000003c3600000,0x00000003c541b7f0,0x0000000403300000)
 Metaspace       used 57984K, capacity 61564K, committed 61824K, reserved 1103872K
  class space    used 7593K, capacity 8284K, committed 8320K, reserved 1048576K
GC Heap History (10 events):
Event: 4.434 GC heap before
{Heap before GC invocations=5 (full 2):
 PSYoungGen      total 305152K, used 7186K [0x000000066bd00000, 0x0000000688f00000, 0x00000007c0000000)
  eden space 261632K, 0% used [0x000000066bd00000,0x000000066bd00000,0x000000067bc80000)
  from space 43520K, 16% used [0x000000067bc80000,0x000000067c384878,0x000000067e700000)
  to   space 43520K, 0% used [0x0000000686480000,0x0000000686480000,0x0000000688f00000)
 ParOldGen       total 467968K, used 14234K [0x00000003c3600000, 0x00000003dff00000, 0x000000066bd00000)
  object space 467968K, 3% used [0x00000003c3600000,0x00000003c43e6a18,0x00000003dff00000)
 Metaspace       used 33162K, capacity 35410K, committed 35496K, reserved 1081344K
  class space    used 4160K, capacity 4567K, committed 4608K, reserved 1048576K
Event: 4.471 GC heap after
Heap after GC invocations=5 (full 2):
 PSYoungGen      total 305152K, used 0K [0x000000066bd00000, 0x0000000688f00000, 0x00000007c0000000)
  eden space 261632K, 0% used [0x000000066bd00000,0x000000066bd00000,0x000000067bc80000)
  from space 43520K, 0% used [0x000000067bc80000,0x000000067bc80000,0x000000067e700000)
  to   space 43520K, 0% used [0x0000000686480000,0x0000000686480000,0x0000000688f00000)
 ParOldGen       total 727040K, used 12551K [0x00000003c3600000, 0x00000003efc00000, 0x000000066bd00000)
  object space 727040K, 1% used [0x00000003c3600000,0x00000003c4241e00,0x00000003efc00000)
 Metaspace       used 33162K, capacity 35410K, committed 35496K, reserved 1081344K
  class space    used 4160K, capacity 4567K, committed 4608K, reserved 1048576K
}
Event: 9.502 GC heap before
{Heap before GC invocations=6 (full 2):
 PSYoungGen      total 305152K, used 186065K [0x000000066bd00000, 0x0000000688f00000, 0x00000007c0000000)
  eden space 261632K, 71% used [0x000000066bd00000,0x00000006772b4630,0x000000067bc80000)
  from space 43520K, 0% used [0x000000067bc80000,0x000000067bc80000,0x000000067e700000)
  to   space 43520K, 0% used [0x0000000686480000,0x0000000686480000,0x0000000688f00000)
 ParOldGen       total 727040K, used 143623K [0x00000003c3600000, 0x00000003efc00000, 0x000000066bd00000)
  object space 727040K, 19% used [0x00000003c3600000,0x00000003cc241e10,0x00000003efc00000)
 Metaspace       used 37762K, capacity 40084K, committed 40192K, reserved 1085440K
  class space    used 4653K, capacity 5094K, committed 5120K, reserved 1048576K
Event: 9.508 GC heap after
Heap after GC invocations=6 (full 2):
 PSYoungGen      total 368128K, used 4528K [0x000000066bd00000, 0x0000000686f00000, 0x00000007c0000000)
  eden space 357376K, 0% used [0x000000066bd00000,0x000000066bd00000,0x0000000681a00000)
  from space 10752K, 42% used [0x0000000686480000,0x00000006868ec078,0x0000000686f00000)
  to   space 43520K, 0% used [0x0000000681a00000,0x0000000681a00000,0x0000000684480000)
 ParOldGen       total 727040K, used 143631K [0x00000003c3600000, 0x00000003efc00000, 0x000000066bd00000)
  object space 727040K, 19% used [0x00000003c3600000,0x00000003cc243e10,0x00000003efc00000)
 Metaspace       used 37762K, capacity 40084K, committed 40192K, reserved 1085440K
  class space    used 4653K, capacity 5094K, committed 5120K, reserved 1048576K
}
Event: 11.511 GC heap before
{Heap before GC invocations=7 (full 2):
 PSYoungGen      total 368128K, used 361904K [0x000000066bd00000, 0x0000000686f00000, 0x00000007c0000000)
  eden space 357376K, 100% used [0x000000066bd00000,0x0000000681a00000,0x0000000681a00000)
  from space 10752K, 42% used [0x0000000686480000,0x00000006868ec078,0x0000000686f00000)
  to   space 43520K, 0% used [0x0000000681a00000,0x0000000681a00000,0x0000000684480000)
 ParOldGen       total 727040K, used 143631K [0x00000003c3600000, 0x00000003efc00000, 0x000000066bd00000)
  object space 727040K, 19% used [0x00000003c3600000,0x00000003cc243e10,0x00000003efc00000)
 Metaspace       used 47229K, capacity 49818K, committed 50048K, reserved 1093632K
  class space    used 5969K, capacity 6457K, committed 6528K, reserved 1048576K
Event: 11.525 GC heap after
Heap after GC invocations=7 (full 2):
 PSYoungGen      total 400896K, used 18204K [0x000000066bd00000, 0x000000068c200000, 0x00000007c0000000)
  eden space 357376K, 0% used [0x000000066bd00000,0x000000066bd00000,0x0000000681a00000)
  from space 43520K, 41% used [0x0000000681a00000,0x0000000682bc7138,0x0000000684480000)
  to   space 24064K, 0% used [0x000000068aa80000,0x000000068aa80000,0x000000068c200000)
 ParOldGen       total 727040K, used 143639K [0x00000003c3600000, 0x00000003efc00000, 0x000000066bd00000)
  object space 727040K, 19% used [0x00000003c3600000,0x00000003cc245e10,0x00000003efc00000)
 Metaspace       used 47229K, capacity 49818K, committed 50048K, reserved 1093632K
  class space    used 5969K, capacity 6457K, committed 6528K, reserved 1048576K
}
Event: 13.110 GC heap before
{Heap before GC invocations=8 (full 2):
 PSYoungGen      total 400896K, used 344694K [0x000000066bd00000, 0x000000068c200000, 0x00000007c0000000)
  eden space 357376K, 91% used [0x000000066bd00000,0x000000067fbd6908,0x0000000681a00000)
  from space 43520K, 41% used [0x0000000681a00000,0x0000000682bc7138,0x0000000684480000)
  to   space 24064K, 0% used [0x000000068aa80000,0x000000068aa80000,0x000000068c200000)
 ParOldGen       total 727040K, used 143639K [0x00000003c3600000, 0x00000003efc00000, 0x000000066bd00000)
  object space 727040K, 19% used [0x00000003c3600000,0x00000003cc245e10,0x00000003efc00000)
 Metaspace       used 55618K, capacity 58966K, committed 59136K, reserved 1099776K
  class space    used 7222K, capacity 7821K, committed 7936K, reserved 1048576K
Event: 13.129 GC heap after
Heap after GC invocations=8 (full 2):
 PSYoungGen      total 502272K, used 21361K [0x000000066bd00000, 0x000000068ce00000, 0x00000007c0000000)
  eden space 478208K, 0% used [0x000000066bd00000,0x000000066bd00000,0x0000000689000000)
  from space 24064K, 88% used [0x000000068aa80000,0x000000068bf5c5d8,0x000000068c200000)
  to   space 27136K, 0% used [0x0000000689000000,0x0000000689000000,0x000000068aa80000)
 ParOldGen       total 727040K, used 143647K [0x00000003c3600000, 0x00000003efc00000, 0x000000066bd00000)
  object space 727040K, 19% used [0x00000003c3600000,0x00000003cc247e10,0x00000003efc00000)
 Metaspace       used 55618K, capacity 58966K, committed 59136K, reserved 1099776K
  class space    used 7222K, capacity 7821K, committed 7936K, reserved 1048576K
}
Event: 13.129 GC heap before
{Heap before GC invocations=9 (full 3):
 PSYoungGen      total 502272K, used 21361K [0x000000066bd00000, 0x000000068ce00000, 0x00000007c0000000)
  eden space 478208K, 0% used [0x000000066bd00000,0x000000066bd00000,0x0000000689000000)
  from space 24064K, 88% used [0x000000068aa80000,0x000000068bf5c5d8,0x000000068c200000)
  to   space 27136K, 0% used [0x0000000689000000,0x0000000689000000,0x000000068aa80000)
 ParOldGen       total 727040K, used 143647K [0x00000003c3600000, 0x00000003efc00000, 0x000000066bd00000)
  object space 727040K, 19% used [0x00000003c3600000,0x00000003cc247e10,0x00000003efc00000)
 Metaspace       used 55618K, capacity 58966K, committed 59136K, reserved 1099776K
  class space    used 7222K, capacity 7821K, committed 7936K, reserved 1048576K
Event: 13.295 GC heap after
Heap after GC invocations=9 (full 3):
 PSYoungGen      total 502272K, used 0K [0x000000066bd00000, 0x000000068ce00000, 0x00000007c0000000)
  eden space 478208K, 0% used [0x000000066bd00000,0x000000066bd00000,0x0000000689000000)
  from space 24064K, 0% used [0x000000068aa80000,0x000000068aa80000,0x000000068c200000)
  to   space 27136K, 0% used [0x0000000689000000,0x0000000689000000,0x000000068aa80000)
 ParOldGen       total 1045504K, used 30829K [0x00000003c3600000, 0x0000000403300000, 0x000000066bd00000)
  object space 1045504K, 2% used [0x00000003c3600000,0x00000003c541b7f0,0x0000000403300000)
 Metaspace       used 55618K, capacity 58966K, committed 59136K, reserved 1099776K
  class space    used 7222K, capacity 7821K, committed 7936K, reserved 1048576K
}

